2020-02-29 13:07:18.486   MAIN   INF   Starting Alarm Service on darwin-launchd
2020-02-29 13:07:23.490   MAIN   INF   Program version 2020.1.2.29 started
2020-02-29 13:07:23.491   MAIN   INF   Updating program version in database
2020-02-29 13:07:23.661   MAIN   ERR   Problem opening zapsi3 database: dial tcp: lookup zapsidatabase: no such host
2020-02-29 13:07:23.661   MAIN   INF   Program running
2020-02-29 13:07:23.661   MAIN   INF   Deleting old log files
2020-02-29 13:07:23.662   MAIN   INF   Deleting old log file MAIN 2020-02-08.err with age of 501h56m36.134300875s
2020-02-29 13:07:23.662   MAIN   INF   Deleting old log file MAIN 2020-02-08.log with age of 501h56m34.036337963s
2020-02-29 13:07:23.664   MAIN   INF   Deleting old log file Test alarm cas 2020-02-08.err with age of 502h55m35.227866079s
2020-02-29 13:07:23.664   MAIN   INF   Deleting old log file Test alarm cas 2020-02-08.log with age of 502h26m52.811275373s
2020-02-29 13:07:23.664   MAIN   INF   Deleting old log file Test alarm pocet pracovist 2020-02-08.err with age of 502h55m52.807310805s
2020-02-29 13:07:23.665   MAIN   INF   Deleting old log file Test alarm pocet pracovist 2020-02-08.log with age of 502h26m52.374846218s
2020-02-29 13:07:23.665   MAIN   INF   Old log files deleted, elapsed: 3.402139ms
2020-02-29 13:07:23.665   MAIN   INF   Updating active alarms
2020-02-29 13:07:23.667   MAIN   ERR   Problem opening zapsi3 database: dial tcp: lookup zapsidatabase: no such host
2020-02-29 13:07:23.668   MAIN   INF   Active alarms: 0
2020-02-29 13:07:23.668   MAIN   INF   Sleeping for 59.993514289s
2020-02-29 13:07:26.743   MAIN   INF   Stopped on platform darwin-launchd
2020-02-29 13:08:00.528   MAIN   INF   Starting Alarm Service on darwin-launchd
2020-02-29 13:08:00.529   MAIN   INF   Program version 2020.1.2.29 started
2020-02-29 13:08:00.529   MAIN   INF   Updating program version in database
2020-02-29 13:08:00.562   MAIN   INF   Program version updated, elapsed: 32.722734ms
2020-02-29 13:08:00.562   MAIN   INF   Program running
2020-02-29 13:08:00.562   MAIN   INF   Deleting old log files
2020-02-29 13:08:00.562   MAIN   INF   Old log files deleted, elapsed: 124.066µs
2020-02-29 13:08:00.562   MAIN   INF   Updating active alarms
2020-02-29 13:08:00.571   MAIN   INF   Active alarms updated, elapsed: 8.480119ms
2020-02-29 13:08:00.571   MAIN   INF   Active alarms: 0
2020-02-29 13:08:00.571   MAIN   INF   Sleeping for 59.990822975s
2020-02-29 13:08:10.383   MAIN   INF   Stopped on platform darwin-launchd
2020-02-29 13:09:33.652   MAIN   INF   Starting Alarm Service on darwin-launchd
2020-02-29 13:09:33.652   MAIN   INF   Program version 2020.1.2.29 started
2020-02-29 13:09:33.653   MAIN   INF   Updating program version in database
2020-02-29 13:09:33.667   MAIN   INF   Program version updated, elapsed: 14.257241ms
2020-02-29 13:09:33.667   MAIN   INF   Program running
2020-02-29 13:09:33.667   MAIN   INF   Deleting old log files
2020-02-29 13:09:33.667   MAIN   INF   Old log files deleted, elapsed: 74.264µs
2020-02-29 13:09:33.667   MAIN   INF   Updating active alarms
2020-02-29 13:09:33.674   MAIN   INF   Active alarms updated, elapsed: 6.8199ms
2020-02-29 13:09:33.674   MAIN   INF   Active alarms: 1
2020-02-29 13:09:33.674   MAIN   INF   Sleeping for 59.99262835s
2020-02-29 13:09:33.689   MAIN   INF   Alarm processed, elapsed: 14.44427ms
2020-02-29 13:09:33.689   MAIN   INF   Alarm loop ended, elapsed: 14.619203ms
2020-02-29 13:09:58.517   MAIN   INF   Stopped on platform darwin-launchd
2020-02-29 13:10:11.412   MAIN   INF   Starting Alarm Service on darwin-launchd
2020-02-29 13:10:11.412   MAIN   INF   Program version 2020.1.2.29 started
2020-02-29 13:10:11.413   MAIN   INF   Updating program version in database
2020-02-29 13:10:11.430   MAIN   INF   Program version updated, elapsed: 17.351585ms
2020-02-29 13:10:11.430   MAIN   INF   Program running
2020-02-29 13:10:11.430   MAIN   INF   Deleting old log files
2020-02-29 13:10:11.431   MAIN   INF   Old log files deleted, elapsed: 116.276µs
2020-02-29 13:10:11.431   MAIN   INF   Updating active alarms
2020-02-29 13:10:11.440   MAIN   INF   Active alarms updated, elapsed: 9.417457ms
2020-02-29 13:10:11.440   MAIN   INF   Active alarms: 1
2020-02-29 13:10:11.441   MAIN   INF   Sleeping for 59.989806385s
2020-02-29 13:10:11.457   MAIN   INF   Alarm processed, elapsed: 15.979015ms
2020-02-29 13:10:11.457   MAIN   INF   Alarm loop ended, elapsed: 16.137958ms
2020-02-29 13:11:11.379   MAIN   INF   Stopped on platform darwin-launchd
2020-02-29 13:11:12.994   MAIN   INF   Starting Alarm Service on darwin-launchd
2020-02-29 13:11:12.994   MAIN   INF   Program version 2020.1.2.29 started
2020-02-29 13:11:12.994   MAIN   INF   Updating program version in database
2020-02-29 13:11:13.012   MAIN   INF   Program version updated, elapsed: 17.588109ms
2020-02-29 13:11:13.012   MAIN   INF   Program running
2020-02-29 13:11:13.012   MAIN   INF   Deleting old log files
2020-02-29 13:11:13.012   MAIN   INF   Old log files deleted, elapsed: 83.597µs
2020-02-29 13:11:13.012   MAIN   INF   Updating active alarms
2020-02-29 13:11:13.025   MAIN   INF   Active alarms updated, elapsed: 12.235743ms
2020-02-29 13:11:13.025   MAIN   INF   Active alarms: 1
2020-02-29 13:11:13.025   MAIN   INF   Sleeping for 59.987110282s
2020-02-29 13:11:13.043   MAIN   INF   Alarm processed, elapsed: 17.278316ms
2020-02-29 13:11:13.043   MAIN   INF   Alarm loop ended, elapsed: 17.447832ms
2020-02-29 13:11:16.593   MAIN   INF   Stopped on platform darwin-launchd
2020-02-29 13:11:58.961   MAIN   INF   Starting Alarm Service on darwin-launchd
2020-02-29 13:11:58.961   MAIN   INF   Program version 2020.1.2.29 started
2020-02-29 13:11:58.962   MAIN   INF   Updating program version in database
2020-02-29 13:11:58.981   MAIN   INF   Program version updated, elapsed: 19.085542ms
2020-02-29 13:11:58.981   MAIN   INF   Program running
2020-02-29 13:11:58.981   MAIN   INF   Deleting old log files
2020-02-29 13:11:58.981   MAIN   INF   Old log files deleted, elapsed: 115.845µs
2020-02-29 13:11:58.981   MAIN   INF   Updating active alarms
2020-02-29 13:11:58.990   MAIN   INF   Active alarms updated, elapsed: 8.308478ms
2020-02-29 13:11:58.990   MAIN   INF   Active alarms: 1
2020-02-29 13:11:58.990   MAIN   INF   Sleeping for 59.991003708s
2020-02-29 13:11:59.009   MAIN   INF   Alarm processed, elapsed: 19.190006ms
2020-02-29 13:11:59.009   MAIN   INF   Alarm loop ended, elapsed: 19.326307ms
2020-02-29 13:12:05.326   MAIN   INF   Stopped on platform darwin-launchd
2020-02-29 13:12:48.028   MAIN   INF   Starting Alarm Service on darwin-launchd
2020-02-29 13:12:48.029   MAIN   INF   Program version 2020.1.2.29 started
2020-02-29 13:12:48.029   MAIN   INF   Updating program version in database
2020-02-29 13:12:48.052   MAIN   INF   Program version updated, elapsed: 22.833746ms
2020-02-29 13:12:48.052   MAIN   INF   Program running
2020-02-29 13:12:48.052   MAIN   INF   Deleting old log files
2020-02-29 13:12:48.053   MAIN   INF   Old log files deleted, elapsed: 128.925µs
2020-02-29 13:12:48.053   MAIN   INF   Updating active alarms
2020-02-29 13:12:48.061   MAIN   INF   Active alarms updated, elapsed: 8.146282ms
2020-02-29 13:12:48.061   MAIN   INF   Active alarms: 1
2020-02-29 13:12:48.061   MAIN   INF   Sleeping for 59.991139375s
2020-02-29 13:12:48.082   MAIN   INF   Alarm processed, elapsed: 20.325729ms
2020-02-29 13:12:48.082   MAIN   INF   Alarm loop ended, elapsed: 20.542297ms
2020-02-29 13:12:50.737   MAIN   INF   Stopped on platform darwin-launchd
2020-02-29 13:15:12.735   MAIN   INF   Starting Alarm Service on darwin-launchd
2020-02-29 13:15:12.735   MAIN   INF   Program version 2020.1.2.29 started
2020-02-29 13:15:12.735   MAIN   INF   Updating program version in database
2020-02-29 13:15:12.750   MAIN   INF   Program version updated, elapsed: 14.83381ms
2020-02-29 13:15:12.750   MAIN   INF   Program running
2020-02-29 13:15:12.750   MAIN   INF   Deleting old log files
2020-02-29 13:15:12.751   MAIN   INF   Old log files deleted, elapsed: 102.951µs
2020-02-29 13:15:12.751   MAIN   INF   Updating active alarms
2020-02-29 13:15:12.756   MAIN   INF   Active alarms updated, elapsed: 5.18534ms
2020-02-29 13:15:12.756   MAIN   INF   Active alarms: 0
2020-02-29 13:15:12.756   MAIN   INF   Sleeping for 59.994152057s
2020-02-29 13:15:57.642   MAIN   INF   Stopped on platform darwin-launchd
2020-02-29 13:15:58.911   MAIN   INF   Starting Alarm Service on darwin-launchd
2020-02-29 13:15:58.911   MAIN   INF   Program version 2020.1.2.29 started
2020-02-29 13:15:58.911   MAIN   INF   Updating program version in database
2020-02-29 13:15:58.929   MAIN   INF   Program version updated, elapsed: 17.923016ms
2020-02-29 13:15:58.929   MAIN   INF   Program running
2020-02-29 13:15:58.930   MAIN   INF   Deleting old log files
2020-02-29 13:15:58.930   MAIN   INF   Old log files deleted, elapsed: 114.302µs
2020-02-29 13:15:58.930   MAIN   INF   Updating active alarms
2020-02-29 13:15:58.936   MAIN   INF   Active alarms updated, elapsed: 5.700718ms
2020-02-29 13:15:58.936   MAIN   INF   Active alarms: 1
2020-02-29 13:15:58.936   MAIN   INF   Sleeping for 59.993628696s
2020-02-29 13:15:58.954   MAIN   INF   Alarm processed, elapsed: 17.660322ms
2020-02-29 13:15:58.954   MAIN   INF   Alarm loop ended, elapsed: 17.876157ms
2020-02-29 13:16:53.102   MAIN   INF   Stopped on platform darwin-launchd
2020-02-29 13:16:56.929   MAIN   INF   Starting Alarm Service on darwin-launchd
2020-02-29 13:16:56.930   MAIN   INF   Program version 2020.1.2.29 started
2020-02-29 13:16:56.930   MAIN   INF   Updating program version in database
2020-02-29 13:16:56.943   MAIN   INF   Program version updated, elapsed: 12.608196ms
2020-02-29 13:16:56.943   MAIN   INF   Program running
2020-02-29 13:16:56.943   MAIN   INF   Deleting old log files
2020-02-29 13:16:56.943   MAIN   INF   Old log files deleted, elapsed: 116.36µs
2020-02-29 13:16:56.943   MAIN   INF   Updating active alarms
2020-02-29 13:16:56.948   MAIN   INF   Active alarms updated, elapsed: 5.321777ms
2020-02-29 13:16:56.949   MAIN   INF   Active alarms: 1
2020-02-29 13:16:56.949   MAIN   INF   Sleeping for 59.994061553s
2020-02-29 13:16:56.959   MAIN   INF   Alarm processed, elapsed: 10.332521ms
2020-02-29 13:16:56.959   MAIN   INF   Alarm loop ended, elapsed: 10.50249ms
2020-02-29 13:17:26.724   MAIN   INF   Stopped on platform darwin-launchd
2020-02-29 13:17:28.294   MAIN   INF   Starting Alarm Service on darwin-launchd
2020-02-29 13:17:28.295   MAIN   INF   Program version 2020.1.2.29 started
2020-02-29 13:17:28.295   MAIN   INF   Updating program version in database
2020-02-29 13:17:28.323   MAIN   INF   Program version updated, elapsed: 27.634313ms
2020-02-29 13:17:28.323   MAIN   INF   Program running
2020-02-29 13:17:28.323   MAIN   INF   Deleting old log files
2020-02-29 13:17:28.323   MAIN   INF   Old log files deleted, elapsed: 122.155µs
2020-02-29 13:17:28.323   MAIN   INF   Updating active alarms
2020-02-29 13:17:28.330   MAIN   INF   Active alarms updated, elapsed: 6.148124ms
2020-02-29 13:17:28.330   MAIN   INF   Active alarms: 1
2020-02-29 13:17:28.330   MAIN   INF   Sleeping for 59.993080174s
2020-02-29 13:17:28.354   MAIN   INF   Alarm processed, elapsed: 23.48481ms
2020-02-29 13:17:28.354   MAIN   INF   Alarm loop ended, elapsed: 23.654968ms
2020-02-29 13:18:28.324   MAIN   INF   Program running
2020-02-29 13:18:28.324   MAIN   INF   Deleting old log files
2020-02-29 13:18:28.325   MAIN   INF   Old log files deleted, elapsed: 155.522µs
2020-02-29 13:18:28.325   MAIN   INF   Updating active alarms
2020-02-29 13:18:28.333   MAIN   INF   Active alarms updated, elapsed: 8.067481ms
2020-02-29 13:18:28.333   MAIN   INF   Active alarms: 1
2020-02-29 13:18:28.333   MAIN   INF   Sleeping for 59.990548612s
2020-02-29 13:18:28.353   MAIN   INF   Alarm processed, elapsed: 19.322793ms
2020-02-29 13:18:28.353   MAIN   INF   Alarm loop ended, elapsed: 19.528355ms
2020-02-29 13:18:46.971   MAIN   INF   Stopped on platform darwin-launchd
2020-02-29 13:18:48.547   MAIN   INF   Starting Alarm Service on darwin-launchd
2020-02-29 13:18:48.548   MAIN   INF   Program version 2020.1.2.29 started
2020-02-29 13:18:48.548   MAIN   INF   Updating program version in database
2020-02-29 13:18:48.561   MAIN   INF   Program version updated, elapsed: 12.857955ms
2020-02-29 13:18:48.561   MAIN   INF   Program running
2020-02-29 13:18:48.561   MAIN   INF   Deleting old log files
2020-02-29 13:18:48.561   MAIN   INF   Old log files deleted, elapsed: 89.885µs
2020-02-29 13:18:48.561   MAIN   INF   Updating active alarms
2020-02-29 13:18:48.566   MAIN   INF   Active alarms updated, elapsed: 4.561199ms
2020-02-29 13:18:48.566   MAIN   INF   Active alarms: 1
2020-02-29 13:18:48.566   MAIN   INF   Sleeping for 59.994876461s
2020-02-29 13:18:48.576   MAIN   INF   Alarm processed, elapsed: 9.627347ms
2020-02-29 13:18:48.576   MAIN   INF   Alarm loop ended, elapsed: 9.769376ms
2020-02-29 13:18:57.923   MAIN   INF   Stopped on platform darwin-launchd
2020-02-29 13:18:59.156   MAIN   INF   Starting Alarm Service on darwin-launchd
2020-02-29 13:18:59.156   MAIN   INF   Program version 2020.1.2.29 started
2020-02-29 13:18:59.157   MAIN   INF   Updating program version in database
2020-02-29 13:18:59.174   MAIN   INF   Program version updated, elapsed: 16.797015ms
2020-02-29 13:18:59.174   MAIN   INF   Program running
2020-02-29 13:18:59.174   MAIN   INF   Deleting old log files
2020-02-29 13:18:59.174   MAIN   INF   Old log files deleted, elapsed: 97.843µs
2020-02-29 13:18:59.174   MAIN   INF   Updating active alarms
2020-02-29 13:18:59.180   MAIN   INF   Active alarms updated, elapsed: 5.299115ms
2020-02-29 13:18:59.180   MAIN   INF   Active alarms: 1
2020-02-29 13:18:59.180   MAIN   INF   Sleeping for 59.994038098s
2020-02-29 13:18:59.191   MAIN   INF   Alarm processed, elapsed: 11.025761ms
2020-02-29 13:18:59.191   MAIN   INF   Alarm loop ended, elapsed: 11.179895ms
2020-02-29 13:19:59.176   MAIN   INF   Program running
2020-02-29 13:19:59.176   MAIN   INF   Deleting old log files
2020-02-29 13:19:59.178   MAIN   INF   Old log files deleted, elapsed: 290.406µs
2020-02-29 13:19:59.178   MAIN   INF   Updating active alarms
2020-02-29 13:19:59.186   MAIN   INF   Active alarms updated, elapsed: 8.02937ms
2020-02-29 13:19:59.186   MAIN   INF   Active alarms: 1
2020-02-29 13:19:59.186   MAIN   INF   Sleeping for 59.989691701s
2020-02-29 13:19:59.199   MAIN   INF   Alarm processed, elapsed: 12.713043ms
2020-02-29 13:19:59.199   MAIN   INF   Alarm loop ended, elapsed: 12.858642ms
2020-02-29 13:20:00.844   MAIN   INF   Stopped on platform darwin-launchd
2020-02-29 13:22:42.964   MAIN   INF   Starting Alarm Service on darwin-launchd
2020-02-29 13:22:42.964   MAIN   INF   Program version 2020.1.2.29 started
2020-02-29 13:22:42.964   MAIN   INF   Updating program version in database
2020-02-29 13:22:42.978   MAIN   INF   Program version updated, elapsed: 13.832392ms
2020-02-29 13:22:42.978   MAIN   INF   Program running
2020-02-29 13:22:42.978   MAIN   INF   Deleting old log files
2020-02-29 13:22:42.978   MAIN   INF   Old log files deleted, elapsed: 114.134µs
2020-02-29 13:22:42.978   MAIN   INF   Updating active alarms
2020-02-29 13:22:42.984   MAIN   INF   Active alarms updated, elapsed: 5.656605ms
2020-02-29 13:22:42.984   MAIN   INF   Active alarms: 1
2020-02-29 13:22:42.984   MAIN   INF   Sleeping for 59.993659967s
2020-02-29 13:22:44.565   MAIN   INF   Stopping, still running alarms: 1
2020-02-29 13:22:45.566   MAIN   INF   Stopping, still running alarms: 1
2020-02-29 13:22:46.132   MAIN   INF   Alarm processed, elapsed: 3.147248491s
2020-02-29 13:22:46.132   MAIN   INF   Alarm loop ended, elapsed: 3.147552783s
2020-02-29 13:22:46.567   MAIN   INF   Stopped on platform darwin-launchd
2020-02-29 13:23:00.442   MAIN   INF   Starting Alarm Service on darwin-launchd
2020-02-29 13:23:00.442   MAIN   INF   Program version 2020.1.2.29 started
2020-02-29 13:23:00.442   MAIN   INF   Updating program version in database
2020-02-29 13:23:00.460   MAIN   INF   Program version updated, elapsed: 17.31869ms
2020-02-29 13:23:00.460   MAIN   INF   Program running
2020-02-29 13:23:00.460   MAIN   INF   Deleting old log files
2020-02-29 13:23:00.460   MAIN   INF   Old log files deleted, elapsed: 96.496µs
2020-02-29 13:23:00.460   MAIN   INF   Updating active alarms
2020-02-29 13:23:00.466   MAIN   INF   Active alarms updated, elapsed: 5.62523ms
2020-02-29 13:23:00.466   MAIN   INF   Active alarms: 1
2020-02-29 13:23:00.466   MAIN   INF   Sleeping for 59.993735915s
2020-02-29 13:23:00.493   MAIN   INF   Alarm processed, elapsed: 26.670241ms
2020-02-29 13:23:00.493   MAIN   INF   Alarm loop ended, elapsed: 26.796198ms
2020-02-29 13:23:01.830   MAIN   INF   Stopped on platform darwin-launchd
2020-02-29 13:23:22.388   MAIN   INF   Starting Alarm Service on darwin-launchd
2020-02-29 13:23:22.388   MAIN   INF   Program version 2020.1.2.29 started
2020-02-29 13:23:22.389   MAIN   INF   Updating program version in database
2020-02-29 13:23:22.414   MAIN   INF   Program version updated, elapsed: 24.998455ms
2020-02-29 13:23:22.414   MAIN   INF   Program running
2020-02-29 13:23:22.414   MAIN   INF   Deleting old log files
2020-02-29 13:23:22.414   MAIN   INF   Old log files deleted, elapsed: 137.358µs
2020-02-29 13:23:22.414   MAIN   INF   Updating active alarms
2020-02-29 13:23:22.421   MAIN   INF   Active alarms updated, elapsed: 6.775588ms
2020-02-29 13:23:22.421   MAIN   INF   Active alarms: 1
2020-02-29 13:23:22.421   MAIN   INF   Sleeping for 59.992403241s
2020-02-29 13:23:22.453   MAIN   INF   Alarm processed, elapsed: 31.298337ms
2020-02-29 13:23:22.453   MAIN   INF   Alarm loop ended, elapsed: 31.455253ms
2020-02-29 13:23:25.059   MAIN   INF   Stopped on platform darwin-launchd
2020-02-29 13:23:37.269   MAIN   INF   Starting Alarm Service on darwin-launchd
2020-02-29 13:23:37.269   MAIN   INF   Program version 2020.1.2.29 started
2020-02-29 13:23:37.269   MAIN   INF   Updating program version in database
2020-02-29 13:23:37.286   MAIN   INF   Program version updated, elapsed: 16.870474ms
2020-02-29 13:23:37.286   MAIN   INF   Program running
2020-02-29 13:23:37.286   MAIN   INF   Deleting old log files
2020-02-29 13:23:37.287   MAIN   INF   Old log files deleted, elapsed: 98.564µs
2020-02-29 13:23:37.287   MAIN   INF   Updating active alarms
2020-02-29 13:23:37.293   MAIN   INF   Active alarms updated, elapsed: 5.862377ms
2020-02-29 13:23:37.293   MAIN   INF   Active alarms: 1
2020-02-29 13:23:37.293   MAIN   INF   Sleeping for 59.993458524s
2020-02-29 13:23:37.315   MAIN   INF   Alarm processed, elapsed: 21.957034ms
2020-02-29 13:23:37.315   MAIN   INF   Alarm loop ended, elapsed: 22.112588ms
2020-02-29 13:23:41.066   MAIN   INF   Stopped on platform darwin-launchd
2020-02-29 13:24:14.908   MAIN   INF   Starting Alarm Service on darwin-launchd
2020-02-29 13:24:14.908   MAIN   INF   Program version 2020.1.2.29 started
2020-02-29 13:24:14.909   MAIN   INF   Updating program version in database
2020-02-29 13:24:14.920   MAIN   INF   Program version updated, elapsed: 11.691337ms
2020-02-29 13:24:14.921   MAIN   INF   Program running
2020-02-29 13:24:14.921   MAIN   INF   Deleting old log files
2020-02-29 13:24:14.921   MAIN   INF   Old log files deleted, elapsed: 93.849µs
2020-02-29 13:24:14.921   MAIN   INF   Updating active alarms
2020-02-29 13:24:14.926   MAIN   INF   Active alarms updated, elapsed: 5.39906ms
2020-02-29 13:24:14.927   MAIN   INF   Active alarms: 1
2020-02-29 13:24:14.927   MAIN   INF   Sleeping for 59.993927233s
2020-02-29 13:24:14.948   MAIN   INF   Alarm processed, elapsed: 21.455069ms
2020-02-29 13:24:14.948   MAIN   INF   Alarm loop ended, elapsed: 21.625002ms
2020-02-29 13:24:17.160   MAIN   INF   Stopped on platform darwin-launchd
2020-02-29 13:24:23.704   MAIN   INF   Starting Alarm Service on darwin-launchd
2020-02-29 13:24:23.704   MAIN   INF   Program version 2020.1.2.29 started
2020-02-29 13:24:23.704   MAIN   INF   Updating program version in database
2020-02-29 13:24:23.722   MAIN   INF   Program version updated, elapsed: 17.425864ms
2020-02-29 13:24:23.722   MAIN   INF   Program running
2020-02-29 13:24:23.722   MAIN   INF   Deleting old log files
2020-02-29 13:24:23.722   MAIN   INF   Old log files deleted, elapsed: 124.582µs
2020-02-29 13:24:23.722   MAIN   INF   Updating active alarms
2020-02-29 13:24:23.729   MAIN   INF   Active alarms updated, elapsed: 6.283625ms
2020-02-29 13:24:23.729   MAIN   INF   Active alarms: 1
2020-02-29 13:24:23.729   MAIN   INF   Sleeping for 59.99289226s
2020-02-29 13:24:23.772   MAIN   INF   Alarm processed, elapsed: 42.36656ms
2020-02-29 13:24:23.772   MAIN   INF   Alarm loop ended, elapsed: 42.552995ms
2020-02-29 13:24:26.007   MAIN   INF   Stopped on platform darwin-launchd
2020-02-29 13:24:32.890   MAIN   INF   Starting Alarm Service on darwin-launchd
2020-02-29 13:24:32.890   MAIN   INF   Program version 2020.1.2.29 started
2020-02-29 13:24:32.890   MAIN   INF   Updating program version in database
2020-02-29 13:24:32.922   MAIN   INF   Program version updated, elapsed: 31.65931ms
2020-02-29 13:24:32.922   MAIN   INF   Program running
2020-02-29 13:24:32.922   MAIN   INF   Deleting old log files
2020-02-29 13:24:32.923   MAIN   INF   Old log files deleted, elapsed: 120.191µs
2020-02-29 13:24:32.923   MAIN   INF   Updating active alarms
2020-02-29 13:24:32.931   MAIN   INF   Active alarms updated, elapsed: 7.977614ms
2020-02-29 13:24:32.931   MAIN   INF   Active alarms: 1
2020-02-29 13:24:32.931   MAIN   INF   Sleeping for 59.991190678s
2020-02-29 13:24:32.956   MAIN   INF   Alarm processed, elapsed: 24.599218ms
2020-02-29 13:24:32.956   MAIN   INF   Alarm loop ended, elapsed: 24.780363ms
2020-02-29 13:24:36.362   MAIN   INF   Stopped on platform darwin-launchd
2020-02-29 13:24:52.602   MAIN   INF   Starting Alarm Service on darwin-launchd
2020-02-29 13:24:52.603   MAIN   INF   Program version 2020.1.2.29 started
2020-02-29 13:24:52.603   MAIN   INF   Updating program version in database
2020-02-29 13:24:52.631   MAIN   INF   Program version updated, elapsed: 28.218633ms
2020-02-29 13:24:52.632   MAIN   INF   Program running
2020-02-29 13:24:52.632   MAIN   INF   Deleting old log files
2020-02-29 13:24:52.632   MAIN   INF   Old log files deleted, elapsed: 125.401µs
2020-02-29 13:24:52.632   MAIN   INF   Updating active alarms
2020-02-29 13:24:52.644   MAIN   INF   Active alarms updated, elapsed: 11.505061ms
2020-02-29 13:24:52.644   MAIN   INF   Active alarms: 1
2020-02-29 13:24:52.644   MAIN   INF   Sleeping for 59.987418749s
2020-02-29 13:24:52.692   MAIN   INF   Alarm processed, elapsed: 47.274327ms
2020-02-29 13:24:52.692   MAIN   INF   Alarm loop ended, elapsed: 47.451034ms
2020-02-29 13:24:54.100   MAIN   INF   Stopped on platform darwin-launchd
2020-02-29 13:25:03.800   MAIN   INF   Starting Alarm Service on darwin-launchd
2020-02-29 13:25:03.800   MAIN   INF   Program version 2020.1.2.29 started
2020-02-29 13:25:03.801   MAIN   INF   Updating program version in database
2020-02-29 13:25:03.815   MAIN   INF   Program version updated, elapsed: 14.178182ms
2020-02-29 13:25:03.815   MAIN   INF   Program running
2020-02-29 13:25:03.815   MAIN   INF   Deleting old log files
2020-02-29 13:25:03.815   MAIN   INF   Old log files deleted, elapsed: 97.176µs
2020-02-29 13:25:03.815   MAIN   INF   Updating active alarms
2020-02-29 13:25:03.821   MAIN   INF   Active alarms updated, elapsed: 5.815742ms
2020-02-29 13:25:03.821   MAIN   INF   Active alarms: 1
2020-02-29 13:25:03.821   MAIN   INF   Sleeping for 59.993547966s
2020-02-29 13:25:03.843   MAIN   INF   Alarm processed, elapsed: 21.407602ms
2020-02-29 13:25:03.843   MAIN   INF   Alarm loop ended, elapsed: 21.545631ms
2020-02-29 13:25:05.298   MAIN   INF   Stopped on platform darwin-launchd
2020-02-29 13:27:21.346   MAIN   INF   Starting Alarm Service on darwin-launchd
2020-02-29 13:27:21.346   MAIN   INF   Program version 2020.1.2.29 started
2020-02-29 13:27:21.346   MAIN   INF   Updating program version in database
2020-02-29 13:27:21.358   MAIN   INF   Program version updated, elapsed: 11.231752ms
2020-02-29 13:27:21.358   MAIN   INF   Program running
2020-02-29 13:27:21.358   MAIN   INF   Deleting old log files
2020-02-29 13:27:21.358   MAIN   INF   Old log files deleted, elapsed: 89.589µs
2020-02-29 13:27:21.358   MAIN   INF   Updating active alarms
2020-02-29 13:27:21.363   MAIN   INF   Active alarms updated, elapsed: 4.452308ms
2020-02-29 13:27:21.363   MAIN   INF   Active alarms: 1
2020-02-29 13:27:21.363   MAIN   INF   Sleeping for 59.994932843s
2020-02-29 13:27:21.382   MAIN   INF   Alarm processed, elapsed: 19.385548ms
2020-02-29 13:27:21.382   MAIN   INF   Alarm loop ended, elapsed: 19.514344ms
2020-02-29 13:27:27.169   MAIN   INF   Stopped on platform darwin-launchd
2020-02-29 13:27:47.600   MAIN   INF   Starting Alarm Service on darwin-launchd
2020-02-29 13:27:47.600   MAIN   INF   Program version 2020.1.2.29 started
2020-02-29 13:27:47.600   MAIN   INF   Updating program version in database
2020-02-29 13:27:47.622   MAIN   INF   Program version updated, elapsed: 22.167967ms
2020-02-29 13:27:47.623   MAIN   INF   Program running
2020-02-29 13:27:47.623   MAIN   INF   Deleting old log files
2020-02-29 13:27:47.623   MAIN   INF   Old log files deleted, elapsed: 116.138µs
2020-02-29 13:27:47.623   MAIN   INF   Updating active alarms
2020-02-29 13:27:47.629   MAIN   INF   Active alarms updated, elapsed: 6.040637ms
2020-02-29 13:27:47.629   MAIN   INF   Active alarms: 1
2020-02-29 13:27:47.629   MAIN   INF   Sleeping for 59.993278534s
2020-02-29 13:27:47.641   MAIN   INF   Alarm processed, elapsed: 11.373803ms
2020-02-29 13:27:47.641   MAIN   INF   Alarm loop ended, elapsed: 11.538892ms
2020-02-29 13:27:56.056   MAIN   INF   Stopped on platform darwin-launchd
2020-02-29 13:28:16.128   MAIN   INF   Starting Alarm Service on darwin-launchd
2020-02-29 13:28:16.129   MAIN   INF   Program version 2020.1.2.29 started
2020-02-29 13:28:16.129   MAIN   INF   Updating program version in database
2020-02-29 13:28:16.147   MAIN   INF   Program version updated, elapsed: 17.818844ms
2020-02-29 13:28:16.147   MAIN   INF   Program running
2020-02-29 13:28:16.147   MAIN   INF   Deleting old log files
2020-02-29 13:28:16.147   MAIN   INF   Old log files deleted, elapsed: 106.396µs
2020-02-29 13:28:16.147   MAIN   INF   Updating active alarms
2020-02-29 13:28:16.155   MAIN   INF   Active alarms updated, elapsed: 7.544951ms
2020-02-29 13:28:16.155   MAIN   INF   Active alarms: 1
2020-02-29 13:28:16.155   MAIN   INF   Sleeping for 59.991730663s
2020-02-29 13:28:17.643   MAIN   INF   Alarm processed, elapsed: 1.487666337s
2020-02-29 13:28:17.643   MAIN   INF   Alarm loop ended, elapsed: 1.487907317s
2020-02-29 13:28:34.650   MAIN   INF   Stopped on platform darwin-launchd
2020-02-29 13:29:33.570   MAIN   INF   Starting Alarm Service on darwin-launchd
2020-02-29 13:29:33.571   MAIN   INF   Program version 2020.1.2.29 started
2020-02-29 13:29:33.571   MAIN   INF   Updating program version in database
2020-02-29 13:29:33.597   MAIN   INF   Program version updated, elapsed: 26.377991ms
2020-02-29 13:29:33.597   MAIN   INF   Program running
2020-02-29 13:29:33.597   MAIN   INF   Deleting old log files
2020-02-29 13:29:33.598   MAIN   INF   Old log files deleted, elapsed: 90.825µs
2020-02-29 13:29:33.598   MAIN   INF   Updating active alarms
2020-02-29 13:29:33.611   MAIN   INF   Active alarms updated, elapsed: 13.412797ms
2020-02-29 13:29:33.611   MAIN   INF   Active alarms: 0
2020-02-29 13:29:33.611   MAIN   INF   Sleeping for 59.985958088s
2020-02-29 13:30:19.824   MAIN   INF   Stopped on platform darwin-launchd
2020-02-29 13:30:21.156   MAIN   INF   Starting Alarm Service on darwin-launchd
2020-02-29 13:30:21.156   MAIN   INF   Program version 2020.1.2.29 started
2020-02-29 13:30:21.157   MAIN   INF   Updating program version in database
2020-02-29 13:30:21.184   MAIN   INF   Program version updated, elapsed: 27.476099ms
2020-02-29 13:30:21.184   MAIN   INF   Program running
2020-02-29 13:30:21.184   MAIN   INF   Deleting old log files
2020-02-29 13:30:21.185   MAIN   INF   Old log files deleted, elapsed: 171.671µs
2020-02-29 13:30:21.185   MAIN   INF   Updating active alarms
2020-02-29 13:30:21.206   MAIN   INF   Active alarms updated, elapsed: 21.397531ms
2020-02-29 13:30:21.206   MAIN   INF   Active alarms: 1
2020-02-29 13:30:21.206   MAIN   INF   Sleeping for 59.977893523s
2020-02-29 13:30:21.245   MAIN   INF   Alarm processed, elapsed: 38.401503ms
2020-02-29 13:30:21.245   MAIN   INF   Alarm loop ended, elapsed: 38.542064ms
2020-02-29 13:30:25.086   MAIN   INF   Stopped on platform darwin-launchd
2020-02-29 13:31:04.794   MAIN   INF   Starting Alarm Service on darwin-launchd
2020-02-29 13:31:04.794   MAIN   INF   Program version 2020.1.2.29 started
2020-02-29 13:31:04.795   MAIN   INF   Updating program version in database
2020-02-29 13:31:04.827   MAIN   INF   Program version updated, elapsed: 32.093776ms
2020-02-29 13:31:04.827   MAIN   INF   Program running
2020-02-29 13:31:04.827   MAIN   INF   Deleting old log files
2020-02-29 13:31:04.827   MAIN   INF   Old log files deleted, elapsed: 96.032µs
2020-02-29 13:31:04.827   MAIN   INF   Updating active alarms
2020-02-29 13:31:04.844   MAIN   INF   Active alarms updated, elapsed: 15.911697ms
2020-02-29 13:31:04.844   MAIN   INF   Active alarms: 1
2020-02-29 13:31:04.844   MAIN   INF   Sleeping for 59.983243065s
2020-02-29 13:31:06.112   MAIN   INF   Alarm processed, elapsed: 1.267747542s
2020-02-29 13:31:06.112   MAIN   INF   Alarm loop ended, elapsed: 1.267925927s
2020-02-29 13:31:13.917   MAIN   INF   Stopped on platform darwin-launchd
2020-02-29 13:31:31.497   MAIN   INF   Starting Alarm Service on darwin-launchd
2020-02-29 13:31:31.497   MAIN   INF   Program version 2020.1.2.29 started
2020-02-29 13:31:31.497   MAIN   INF   Updating program version in database
2020-02-29 13:31:31.525   MAIN   INF   Program version updated, elapsed: 28.20039ms
2020-02-29 13:31:31.525   MAIN   INF   Program running
2020-02-29 13:31:31.526   MAIN   INF   Deleting old log files
2020-02-29 13:31:31.526   MAIN   INF   Old log files deleted, elapsed: 100.3µs
2020-02-29 13:31:31.526   MAIN   INF   Updating active alarms
2020-02-29 13:31:31.544   MAIN   INF   Active alarms updated, elapsed: 17.873062ms
2020-02-29 13:31:31.544   MAIN   INF   Active alarms: 1
2020-02-29 13:31:31.544   MAIN   INF   Sleeping for 59.981496982s
2020-02-29 13:31:31.614   MAIN   INF   Alarm processed, elapsed: 69.621735ms
2020-02-29 13:31:31.614   MAIN   INF   Alarm loop ended, elapsed: 69.769871ms
2020-02-29 13:31:50.702   MAIN   INF   Stopped on platform darwin-launchd
2020-02-29 13:31:52.144   MAIN   INF   Starting Alarm Service on darwin-launchd
2020-02-29 13:31:52.145   MAIN   INF   Program version 2020.1.2.29 started
2020-02-29 13:31:52.146   MAIN   INF   Updating program version in database
2020-02-29 13:31:52.184   MAIN   INF   Program version updated, elapsed: 37.730762ms
2020-02-29 13:31:52.184   MAIN   INF   Program running
2020-02-29 13:31:52.184   MAIN   INF   Deleting old log files
2020-02-29 13:31:52.184   MAIN   INF   Old log files deleted, elapsed: 132.123µs
2020-02-29 13:31:52.184   MAIN   INF   Updating active alarms
2020-02-29 13:31:52.202   MAIN   INF   Active alarms updated, elapsed: 17.581349ms
2020-02-29 13:31:52.202   MAIN   INF   Active alarms: 1
2020-02-29 13:31:52.202   MAIN   INF   Sleeping for 59.981713781s
2020-02-29 13:31:52.251   MAIN   INF   Alarm processed, elapsed: 48.988156ms
2020-02-29 13:31:52.251   MAIN   INF   Alarm loop ended, elapsed: 49.151605ms
2020-02-29 13:32:52.189   MAIN   INF   Program running
2020-02-29 13:32:52.189   MAIN   INF   Deleting old log files
2020-02-29 13:32:52.190   MAIN   INF   Old log files deleted, elapsed: 214.959µs
2020-02-29 13:32:52.190   MAIN   INF   Updating active alarms
2020-02-29 13:32:52.210   MAIN   INF   Active alarms updated, elapsed: 19.932444ms
2020-02-29 13:32:52.211   MAIN   INF   Active alarms: 1
2020-02-29 13:32:52.211   MAIN   INF   Sleeping for 59.978447858s
2020-02-29 13:32:52.258   MAIN   INF   Alarm processed, elapsed: 47.157354ms
2020-02-29 13:32:52.258   MAIN   INF   Alarm loop ended, elapsed: 47.366111ms
2020-02-29 13:32:55.859   MAIN   INF   Stopped on platform darwin-launchd
2020-02-29 13:33:01.902   MAIN   INF   Starting Alarm Service on darwin-launchd
2020-02-29 13:33:01.903   MAIN   INF   Program version 2020.1.2.29 started
2020-02-29 13:33:01.903   MAIN   INF   Updating program version in database
2020-02-29 13:33:01.934   MAIN   INF   Program version updated, elapsed: 30.841634ms
2020-02-29 13:33:01.934   MAIN   INF   Program running
2020-02-29 13:33:01.934   MAIN   INF   Deleting old log files
2020-02-29 13:33:01.934   MAIN   INF   Old log files deleted, elapsed: 85.404µs
2020-02-29 13:33:01.934   MAIN   INF   Updating active alarms
2020-02-29 13:33:01.951   MAIN   INF   Active alarms updated, elapsed: 17.039391ms
2020-02-29 13:33:01.952   MAIN   INF   Active alarms: 1
2020-02-29 13:33:01.952   MAIN   INF   Sleeping for 59.982319681s
2020-02-29 13:33:03.117   MAIN   INF   Alarm processed, elapsed: 1.165085114s
2020-02-29 13:33:03.117   MAIN   INF   Alarm loop ended, elapsed: 1.165285319s
2020-02-29 13:33:05.596   MAIN   INF   Stopped on platform darwin-launchd
2020-02-29 13:33:15.750   MAIN   INF   Starting Alarm Service on darwin-launchd
2020-02-29 13:33:15.750   MAIN   INF   Program version 2020.1.2.29 started
2020-02-29 13:33:15.750   MAIN   INF   Updating program version in database
2020-02-29 13:33:15.797   MAIN   INF   Program version updated, elapsed: 46.869158ms
2020-02-29 13:33:15.797   MAIN   INF   Program running
2020-02-29 13:33:15.797   MAIN   INF   Deleting old log files
2020-02-29 13:33:15.798   MAIN   INF   Old log files deleted, elapsed: 121.941µs
2020-02-29 13:33:15.798   MAIN   INF   Updating active alarms
2020-02-29 13:33:15.818   MAIN   INF   Active alarms updated, elapsed: 19.894013ms
2020-02-29 13:33:15.818   MAIN   INF   Active alarms: 1
2020-02-29 13:33:15.818   MAIN   INF   Sleeping for 59.979335319s
2020-02-29 13:33:18.415   MAIN   INF   Alarm processed, elapsed: 2.596688311s
2020-02-29 13:33:18.415   MAIN   INF   Alarm loop ended, elapsed: 2.596974301s
2020-02-29 13:33:37.701   MAIN   INF   Stopped on platform darwin-launchd
