2020-02-08 13:24:44.085   MAIN   INF   Program version 2019.4.3.21 started
2020-02-08 13:24:44.085   MAIN   WRN   Config file does not exist, creating
2020-02-08 13:24:44.086   MAIN   INF   Directory for config file created
2020-02-08 13:24:44.087   MAIN   INF   Writing data to JSON file
2020-02-08 13:24:44.087   MAIN   INF   Data written to config file
2020-02-08 13:24:44.126   MAIN   INF   Problem creating tables: dial tcp: lookup zapsidatabase: no such host
2020-02-08 13:24:44.132   MAIN   INF   Problem creating tables: dial tcp: lookup zapsidatabase: no such host
2020-02-08 13:24:44.139   MAIN   INF   Problem creating tables: dial tcp: lookup zapsidatabase: no such host
2020-02-08 13:24:44.146   MAIN   INF   Problem creating tables: dial tcp: lookup zapsidatabase: no such host
2020-02-08 13:24:44.151   MAIN   INF   Problem creating tables: dial tcp: lookup zapsidatabase: no such host
2020-02-08 13:24:44.158   MAIN   INF   Problem creating tables: dial tcp: lookup zapsidatabase: no such host
2020-02-08 13:24:44.169   MAIN   INF   Problem creating tables: dial tcp: lookup zapsidatabase: no such host
2020-02-08 13:24:44.175   MAIN   INF   Problem creating tables: dial tcp: lookup zapsidatabase: no such host
2020-02-08 13:24:44.181   MAIN   INF   Problem creating tables: dial tcp: lookup zapsidatabase: no such host
2020-02-08 13:24:44.187   MAIN   INF   Problem creating tables: dial tcp: lookup zapsidatabase: no such host
2020-02-08 13:24:44.192   MAIN   INF   Problem creating tables: dial tcp: lookup zapsidatabase: no such host
2020-02-08 13:24:44.198   MAIN   INF   Problem creating tables: dial tcp: lookup zapsidatabase: no such host
2020-02-08 13:24:44.204   MAIN   INF   Problem creating tables: dial tcp: lookup zapsidatabase: no such host
2020-02-08 13:24:44.218   MAIN   INF   Problem creating tables: dial tcp: lookup zapsidatabase: no such host
2020-02-08 13:24:44.234   MAIN   INF   Problem creating tables: dial tcp: lookup zapsidatabase: no such host
2020-02-08 13:24:44.242   MAIN   INF   Problem creating tables: dial tcp: lookup zapsidatabase: no such host
2020-02-08 13:24:44.248   MAIN   INF   Problem creating tables: dial tcp: lookup zapsidatabase: no such host
2020-02-08 13:24:44.254   MAIN   INF   Problem creating tables: dial tcp: lookup zapsidatabase: no such host
2020-02-08 13:24:44.265   MAIN   INF   Problem creating tables: dial tcp: lookup zapsidatabase: no such host
2020-02-08 13:24:44.275   MAIN   INF   Problem creating tables: dial tcp: lookup zapsidatabase: no such host
2020-02-08 13:24:44.282   MAIN   INF   Problem creating tables: dial tcp: lookup zapsidatabase: no such host
2020-02-08 13:24:44.288   MAIN   INF   Problem creating tables: dial tcp: lookup zapsidatabase: no such host
2020-02-08 13:24:44.296   MAIN   INF   Problem creating tables: dial tcp: lookup zapsidatabase: no such host
2020-02-08 13:24:44.309   MAIN   INF   Problem creating tables: dial tcp: lookup zapsidatabase: no such host
2020-02-08 13:24:44.316   MAIN   INF   Problem creating tables: dial tcp: lookup zapsidatabase: no such host
2020-02-08 13:24:44.322   MAIN   INF   Problem creating tables: dial tcp: lookup zapsidatabase: no such host
2020-02-08 13:24:44.329   MAIN   INF   Problem creating tables: dial tcp: lookup zapsidatabase: no such host
2020-02-08 13:24:44.342   MAIN   INF   Problem creating tables: dial tcp: lookup zapsidatabase: no such host
2020-02-08 13:24:44.350   MAIN   INF   Problem creating tables: dial tcp: lookup zapsidatabase: no such host
2020-02-08 13:24:44.356   MAIN   INF   Problem creating tables: dial tcp: lookup zapsidatabase: no such host
2020-02-08 13:24:44.364   MAIN   INF   Problem creating tables: dial tcp: lookup zapsidatabase: no such host
2020-02-08 13:24:44.377   MAIN   INF   Problem creating tables: dial tcp: lookup zapsidatabase: no such host
2020-02-08 13:24:44.384   MAIN   INF   Problem creating tables: dial tcp: lookup zapsidatabase: no such host
2020-02-08 13:24:44.390   MAIN   INF   Problem creating tables: dial tcp: lookup zapsidatabase: no such host
2020-02-08 13:24:44.401   MAIN   INF   Problem creating tables: dial tcp: lookup zapsidatabase: no such host
2020-02-08 13:24:44.411   MAIN   INF   Problem creating tables: dial tcp: lookup zapsidatabase: no such host
2020-02-08 13:24:44.418   MAIN   INF   Problem creating tables: dial tcp: lookup zapsidatabase: no such host
2020-02-08 13:24:44.424   MAIN   INF   Problem creating tables: dial tcp: lookup zapsidatabase: no such host
2020-02-08 13:24:44.437   MAIN   INF   Problem creating tables: dial tcp: lookup zapsidatabase: no such host
2020-02-08 13:24:44.445   MAIN   INF   Problem creating tables: dial tcp: lookup zapsidatabase: no such host
2020-02-08 13:24:44.451   MAIN   INF   Problem creating tables: dial tcp: lookup zapsidatabase: no such host
2020-02-08 13:24:44.461   MAIN   INF   Problem creating tables: dial tcp: lookup zapsidatabase: no such host
2020-02-08 13:24:44.470   MAIN   INF   Problem creating tables: dial tcp: lookup zapsidatabase: no such host
2020-02-08 13:24:44.476   MAIN   INF   Problem creating tables: dial tcp: lookup zapsidatabase: no such host
2020-02-08 13:24:44.486   MAIN   INF   Problem creating tables: dial tcp: lookup zapsidatabase: no such host
2020-02-08 13:24:44.498   MAIN   INF   Problem creating tables: dial tcp: lookup zapsidatabase: no such host
2020-02-08 13:24:44.504   MAIN   INF   Problem creating tables: dial tcp: lookup zapsidatabase: no such host
2020-02-08 13:24:44.513   MAIN   INF   Problem creating tables: dial tcp: lookup zapsidatabase: no such host
2020-02-08 13:24:44.527   MAIN   INF   Problem creating tables: dial tcp: lookup zapsidatabase: no such host
2020-02-08 13:24:44.534   MAIN   INF   Problem creating tables: dial tcp: lookup zapsidatabase: no such host
2020-02-08 13:24:44.540   MAIN   INF   Problem creating tables: dial tcp: lookup zapsidatabase: no such host
2020-02-08 13:24:44.554   MAIN   INF   Problem creating tables: dial tcp: lookup zapsidatabase: no such host
2020-02-08 13:24:44.561   MAIN   INF   Problem creating tables: dial tcp: lookup zapsidatabase: no such host
2020-02-08 13:24:44.568   MAIN   INF   Problem creating tables: dial tcp: lookup zapsidatabase: no such host
2020-02-08 13:24:44.582   MAIN   INF   Problem creating tables: dial tcp: lookup zapsidatabase: no such host
2020-02-08 13:24:44.591   MAIN   INF   Problem creating tables: dial tcp: lookup zapsidatabase: no such host
2020-02-08 13:24:44.598   MAIN   INF   Problem creating tables: dial tcp: lookup zapsidatabase: no such host
2020-02-08 13:24:44.614   MAIN   INF   Problem creating tables: dial tcp: lookup zapsidatabase: no such host
2020-02-08 13:24:44.621   MAIN   INF   Problem creating tables: dial tcp: lookup zapsidatabase: no such host
2020-02-08 13:24:44.629   MAIN   INF   Problem creating tables: dial tcp: lookup zapsidatabase: no such host
2020-02-08 13:24:44.643   MAIN   INF   Problem creating tables: dial tcp: lookup zapsidatabase: no such host
2020-02-08 13:24:44.649   MAIN   INF   Problem creating tables: dial tcp: lookup zapsidatabase: no such host
2020-02-08 13:24:44.660   MAIN   INF   Problem creating tables: dial tcp: lookup zapsidatabase: no such host
2020-02-08 13:24:44.669   MAIN   INF   Problem creating tables: dial tcp: lookup zapsidatabase: no such host
2020-02-08 13:24:44.677   MAIN   INF   Problem creating tables: dial tcp: lookup zapsidatabase: no such host
2020-02-08 13:24:44.689   MAIN   INF   Problem creating tables: dial tcp: lookup zapsidatabase: no such host
2020-02-08 13:24:44.696   MAIN   INF   Problem creating tables: dial tcp: lookup zapsidatabase: no such host
2020-02-08 13:24:44.712   MAIN   INF   Problem creating tables: dial tcp: lookup zapsidatabase: no such host
2020-02-08 13:24:44.720   MAIN   INF   Problem creating tables: dial tcp: lookup zapsidatabase: no such host
2020-02-08 13:24:44.731   MAIN   INF   Problem creating tables: dial tcp: lookup zapsidatabase: no such host
2020-02-08 13:24:44.743   MAIN   INF   Problem creating tables: dial tcp: lookup zapsidatabase: no such host
2020-02-08 13:24:44.750   MAIN   INF   Problem creating tables: dial tcp: lookup zapsidatabase: no such host
2020-02-08 13:24:44.767   MAIN   INF   Problem creating tables: dial tcp: lookup zapsidatabase: no such host
2020-02-08 13:24:44.778   MAIN   INF   Problem creating tables: dial tcp: lookup zapsidatabase: no such host
2020-02-08 13:24:44.786   MAIN   INF   Problem creating tables: dial tcp: lookup zapsidatabase: no such host
2020-02-08 13:24:44.799   MAIN   INF   Problem creating tables: dial tcp: lookup zapsidatabase: no such host
2020-02-08 13:24:44.806   MAIN   INF   Problem creating tables: dial tcp: lookup zapsidatabase: no such host
2020-02-08 13:24:44.822   MAIN   INF   Problem creating tables: dial tcp: lookup zapsidatabase: no such host
2020-02-08 13:24:44.829   MAIN   INF   Problem creating tables: dial tcp: lookup zapsidatabase: no such host
2020-02-08 13:24:44.844   MAIN   INF   Problem creating tables: dial tcp: lookup zapsidatabase: no such host
2020-02-08 13:24:44.853   MAIN   INF   Problem creating tables: dial tcp: lookup zapsidatabase: no such host
2020-02-08 13:24:44.862   MAIN   INF   Problem creating tables: dial tcp: lookup zapsidatabase: no such host
2020-02-08 13:24:44.876   MAIN   INF   Problem creating tables: dial tcp: lookup zapsidatabase: no such host
2020-02-08 13:24:44.882   MAIN   INF   Problem creating tables: dial tcp: lookup zapsidatabase: no such host
2020-02-08 13:24:44.896   MAIN   INF   Problem creating tables: dial tcp: lookup zapsidatabase: no such host
2020-02-08 13:24:44.906   MAIN   INF   Problem creating tables: dial tcp: lookup zapsidatabase: no such host
2020-02-08 13:24:44.914   MAIN   INF   Problem creating tables: dial tcp: lookup zapsidatabase: no such host
2020-02-08 13:24:44.926   MAIN   INF   Problem creating tables: dial tcp: lookup zapsidatabase: no such host
2020-02-08 13:24:44.933   MAIN   INF   Problem creating tables: dial tcp: lookup zapsidatabase: no such host
2020-02-08 13:24:44.950   MAIN   INF   Problem creating tables: dial tcp: lookup zapsidatabase: no such host
2020-02-08 13:24:44.957   MAIN   INF   Problem creating tables: dial tcp: lookup zapsidatabase: no such host
2020-02-08 13:24:44.967   MAIN   INF   Problem creating tables: dial tcp: lookup zapsidatabase: no such host
2020-02-08 13:24:44.979   MAIN   INF   Problem creating tables: dial tcp: lookup zapsidatabase: no such host
2020-02-08 13:24:44.986   MAIN   INF   Problem creating tables: dial tcp: lookup zapsidatabase: no such host
2020-02-08 13:24:45.000   MAIN   INF   Problem creating tables: dial tcp: lookup zapsidatabase: no such host
2020-02-08 13:24:45.008   MAIN   INF   Problem creating tables: dial tcp: lookup zapsidatabase: no such host
2020-02-08 13:24:45.017   MAIN   INF   Problem creating tables: dial tcp: lookup zapsidatabase: no such host
2020-02-08 13:24:45.030   MAIN   INF   Problem creating tables: dial tcp: lookup zapsidatabase: no such host
2020-02-08 13:24:45.037   MAIN   INF   Problem creating tables: dial tcp: lookup zapsidatabase: no such host
2020-02-08 13:24:45.048   MAIN   INF   Problem creating tables: dial tcp: lookup zapsidatabase: no such host
2020-02-08 13:24:45.059   MAIN   INF   Problem creating tables: dial tcp: lookup zapsidatabase: no such host
2020-02-08 13:24:45.066   MAIN   INF   Problem creating tables: dial tcp: lookup zapsidatabase: no such host
2020-02-08 13:24:45.083   MAIN   INF   Problem creating tables: dial tcp: lookup zapsidatabase: no such host
2020-02-08 13:24:45.091   MAIN   INF   Problem creating tables: dial tcp: lookup zapsidatabase: no such host
2020-02-08 13:24:45.102   MAIN   INF   Problem creating tables: dial tcp: lookup zapsidatabase: no such host
2020-02-08 13:24:45.115   MAIN   INF   Problem creating tables: dial tcp: lookup zapsidatabase: no such host
2020-02-08 13:24:45.121   MAIN   INF   Problem creating tables: dial tcp: lookup zapsidatabase: no such host
2020-02-08 13:24:45.135   MAIN   INF   Problem creating tables: dial tcp: lookup zapsidatabase: no such host
2020-02-08 13:24:45.144   MAIN   INF   Problem creating tables: dial tcp: lookup zapsidatabase: no such host
2020-02-08 13:24:45.156   MAIN   INF   Problem creating tables: dial tcp: lookup zapsidatabase: no such host
2020-02-08 13:24:45.165   MAIN   INF   Problem creating tables: dial tcp: lookup zapsidatabase: no such host
2020-02-08 13:24:45.173   MAIN   INF   Problem creating tables: dial tcp: lookup zapsidatabase: no such host
2020-02-08 13:24:45.184   MAIN   INF   Problem creating tables: dial tcp: lookup zapsidatabase: no such host
2020-02-08 13:24:45.192   MAIN   INF   Problem creating tables: dial tcp: lookup zapsidatabase: no such host
2020-02-08 13:24:45.205   MAIN   INF   Problem creating tables: dial tcp: lookup zapsidatabase: no such host
2020-02-08 13:24:45.211   MAIN   INF   Problem creating tables: dial tcp: lookup zapsidatabase: no such host
2020-02-08 13:24:45.228   MAIN   INF   Problem creating tables: dial tcp: lookup zapsidatabase: no such host
2020-02-08 13:24:45.238   MAIN   INF   Problem creating tables: dial tcp: lookup zapsidatabase: no such host
2020-02-08 13:24:45.245   MAIN   INF   Problem creating tables: dial tcp: lookup zapsidatabase: no such host
2020-02-08 13:24:45.261   MAIN   INF   Problem creating tables: dial tcp: lookup zapsidatabase: no such host
2020-02-08 13:24:45.271   MAIN   INF   Problem creating tables: dial tcp: lookup zapsidatabase: no such host
2020-02-08 13:24:45.279   MAIN   INF   Problem creating tables: dial tcp: lookup zapsidatabase: no such host
2020-02-08 13:24:45.293   MAIN   INF   Problem creating tables: dial tcp: lookup zapsidatabase: no such host
2020-02-08 13:24:45.300   MAIN   INF   Problem creating tables: dial tcp: lookup zapsidatabase: no such host
2020-02-08 13:24:45.315   MAIN   INF   Problem creating tables: dial tcp: lookup zapsidatabase: no such host
2020-02-08 13:24:45.325   MAIN   INF   Problem creating tables: dial tcp: lookup zapsidatabase: no such host
2020-02-08 13:24:45.336   MAIN   INF   Problem creating tables: dial tcp: lookup zapsidatabase: no such host
2020-02-08 13:24:45.350   MAIN   INF   Problem creating tables: dial tcp: lookup zapsidatabase: no such host
2020-02-08 13:24:45.356   MAIN   INF   Problem creating tables: dial tcp: lookup zapsidatabase: no such host
2020-02-08 13:24:45.370   MAIN   INF   Problem creating tables: dial tcp: lookup zapsidatabase: no such host
2020-02-08 13:24:45.376   MAIN   INF   Problem creating tables: dial tcp: lookup zapsidatabase: no such host
2020-02-08 13:24:45.389   MAIN   INF   Problem creating tables: dial tcp: lookup zapsidatabase: no such host
2020-02-08 13:24:45.396   MAIN   INF   Problem creating tables: dial tcp: lookup zapsidatabase: no such host
2020-02-08 13:24:45.409   MAIN   INF   Problem creating tables: dial tcp: lookup zapsidatabase: no such host
2020-02-08 13:24:45.416   MAIN   INF   Problem creating tables: dial tcp: lookup zapsidatabase: no such host
2020-02-08 13:24:45.427   MAIN   INF   Problem creating tables: dial tcp: lookup zapsidatabase: no such host
2020-02-08 13:24:45.438   MAIN   INF   Problem creating tables: dial tcp: lookup zapsidatabase: no such host
2020-02-08 13:24:45.445   MAIN   INF   Problem creating tables: dial tcp: lookup zapsidatabase: no such host
2020-02-08 13:24:45.458   MAIN   INF   Problem creating tables: dial tcp: lookup zapsidatabase: no such host
2020-02-08 13:24:45.465   MAIN   INF   Problem creating tables: dial tcp: lookup zapsidatabase: no such host
2020-02-08 13:24:45.478   MAIN   INF   Problem creating tables: dial tcp: lookup zapsidatabase: no such host
2020-02-08 13:24:45.483   MAIN   INF   Problem creating tables: dial tcp: lookup zapsidatabase: no such host
2020-02-08 13:24:45.493   MAIN   INF   Problem creating tables: dial tcp: lookup zapsidatabase: no such host
2020-02-08 13:24:45.503   MAIN   INF   Problem creating tables: dial tcp: lookup zapsidatabase: no such host
2020-02-08 13:24:45.511   MAIN   INF   Problem creating tables: dial tcp: lookup zapsidatabase: no such host
2020-02-08 13:24:45.526   MAIN   INF   Problem creating tables: dial tcp: lookup zapsidatabase: no such host
2020-02-08 13:24:45.533   MAIN   INF   Problem creating tables: dial tcp: lookup zapsidatabase: no such host
2020-02-08 13:24:45.546   MAIN   INF   Problem creating tables: dial tcp: lookup zapsidatabase: no such host
2020-02-08 13:24:45.557   MAIN   INF   Problem creating tables: dial tcp: lookup zapsidatabase: no such host
2020-02-08 13:24:45.566   MAIN   INF   Problem creating tables: dial tcp: lookup zapsidatabase: no such host
2020-02-08 13:24:45.581   MAIN   INF   Problem creating tables: dial tcp: lookup zapsidatabase: no such host
2020-02-08 13:24:45.588   MAIN   INF   Problem creating tables: dial tcp: lookup zapsidatabase: no such host
2020-02-08 13:24:45.605   MAIN   INF   Problem creating tables: dial tcp: lookup zapsidatabase: no such host
2020-02-08 13:24:45.614   MAIN   INF   Problem creating tables: dial tcp: lookup zapsidatabase: no such host
2020-02-08 13:24:45.621   MAIN   INF   Problem creating tables: dial tcp: lookup zapsidatabase: no such host
2020-02-08 13:24:45.634   MAIN   INF   Problem creating tables: dial tcp: lookup zapsidatabase: no such host
2020-02-08 13:24:45.641   MAIN   INF   Problem creating tables: dial tcp: lookup zapsidatabase: no such host
2020-02-08 13:24:45.652   MAIN   INF   Problem creating tables: dial tcp: lookup zapsidatabase: no such host
2020-02-08 13:24:45.661   MAIN   INF   Problem creating tables: dial tcp: lookup zapsidatabase: no such host
2020-02-08 13:24:45.672   MAIN   INF   Problem creating tables: dial tcp: lookup zapsidatabase: no such host
2020-02-08 13:24:45.686   MAIN   INF   Problem creating tables: dial tcp: lookup zapsidatabase: no such host
2020-02-08 13:24:45.692   MAIN   INF   Problem creating tables: dial tcp: lookup zapsidatabase: no such host
2020-02-08 13:24:45.706   MAIN   INF   Problem creating tables: dial tcp: lookup zapsidatabase: no such host
2020-02-08 13:24:45.715   MAIN   INF   Problem creating tables: dial tcp: lookup zapsidatabase: no such host
2020-02-08 13:24:45.726   MAIN   INF   Problem creating tables: dial tcp: lookup zapsidatabase: no such host
2020-02-08 13:24:45.738   MAIN   INF   Problem creating tables: dial tcp: lookup zapsidatabase: no such host
2020-02-08 13:24:45.744   MAIN   INF   Problem creating tables: dial tcp: lookup zapsidatabase: no such host
2020-02-08 13:24:45.759   MAIN   INF   Problem creating tables: dial tcp: lookup zapsidatabase: no such host
2020-02-08 13:24:45.772   MAIN   INF   Problem creating tables: dial tcp: lookup zapsidatabase: no such host
2020-02-08 13:24:45.778   MAIN   INF   Problem creating tables: dial tcp: lookup zapsidatabase: no such host
2020-02-08 13:24:45.792   MAIN   INF   Problem creating tables: dial tcp: lookup zapsidatabase: no such host
2020-02-08 13:24:45.798   MAIN   INF   Problem creating tables: dial tcp: lookup zapsidatabase: no such host
2020-02-08 13:24:45.814   MAIN   INF   Problem creating tables: dial tcp: lookup zapsidatabase: no such host
2020-02-08 13:24:45.824   MAIN   INF   Problem creating tables: dial tcp: lookup zapsidatabase: no such host
2020-02-08 13:24:45.835   MAIN   INF   Problem creating tables: dial tcp: lookup zapsidatabase: no such host
2020-02-08 13:24:45.848   MAIN   INF   Problem creating tables: dial tcp: lookup zapsidatabase: no such host
2020-02-08 13:24:45.855   MAIN   INF   Problem creating tables: dial tcp: lookup zapsidatabase: no such host
2020-02-08 13:24:45.869   MAIN   INF   Problem creating tables: dial tcp: lookup zapsidatabase: no such host
2020-02-08 13:24:45.877   MAIN   INF   Problem creating tables: dial tcp: lookup zapsidatabase: no such host
2020-02-08 13:24:45.887   MAIN   INF   Problem creating tables: dial tcp: lookup zapsidatabase: no such host
2020-02-08 13:24:45.902   MAIN   INF   Problem creating tables: dial tcp: lookup zapsidatabase: no such host
2020-02-08 13:24:45.908   MAIN   INF   Problem creating tables: dial tcp: lookup zapsidatabase: no such host
2020-02-08 13:24:45.921   MAIN   INF   Problem creating tables: dial tcp: lookup zapsidatabase: no such host
2020-02-08 13:24:45.929   MAIN   INF   Problem creating tables: dial tcp: lookup zapsidatabase: no such host
2020-02-08 13:24:45.946   MAIN   INF   Problem creating tables: dial tcp: lookup zapsidatabase: no such host
2020-02-08 13:24:45.956   MAIN   INF   Problem creating tables: dial tcp: lookup zapsidatabase: no such host
2020-02-08 13:24:45.966   MAIN   INF   Problem creating tables: dial tcp: lookup zapsidatabase: no such host
2020-02-08 13:24:45.974   MAIN   INF   Problem creating tables: dial tcp: lookup zapsidatabase: no such host
2020-02-08 13:24:45.981   MAIN   INF   Problem creating tables: dial tcp: lookup zapsidatabase: no such host
2020-02-08 13:24:45.987   MAIN   INF   Problem creating tables: dial tcp: lookup zapsidatabase: no such host
2020-02-08 13:24:45.993   MAIN   INF   Problem creating tables: dial tcp: lookup zapsidatabase: no such host
2020-02-08 13:24:46.000   MAIN   INF   Problem creating tables: dial tcp: lookup zapsidatabase: no such host
2020-02-08 13:24:46.010   MAIN   INF   Problem creating tables: dial tcp: lookup zapsidatabase: no such host
2020-02-08 13:24:46.023   MAIN   INF   Problem creating tables: dial tcp: lookup zapsidatabase: no such host
2020-02-08 13:24:46.029   MAIN   INF   Problem creating tables: dial tcp: lookup zapsidatabase: no such host
2020-02-08 13:24:46.043   MAIN   INF   Problem creating tables: dial tcp: lookup zapsidatabase: no such host
2020-02-08 13:24:46.050   MAIN   INF   Problem creating tables: dial tcp: lookup zapsidatabase: no such host
2020-02-08 13:24:46.061   MAIN   INF   Problem creating tables: dial tcp: lookup zapsidatabase: no such host
2020-02-08 13:24:46.072   MAIN   INF   Problem creating tables: dial tcp: lookup zapsidatabase: no such host
2020-02-08 13:24:46.078   MAIN   INF   Problem creating tables: dial tcp: lookup zapsidatabase: no such host
2020-02-08 13:24:46.092   MAIN   INF   Problem creating tables: dial tcp: lookup zapsidatabase: no such host
2020-02-08 13:24:46.102   MAIN   INF   Problem creating tables: dial tcp: lookup zapsidatabase: no such host
2020-02-08 13:24:46.112   MAIN   INF   Problem creating tables: dial tcp: lookup zapsidatabase: no such host
2020-02-08 13:24:46.122   MAIN   INF   Problem creating tables: dial tcp: lookup zapsidatabase: no such host
2020-02-08 13:24:46.129   MAIN   INF   Problem creating tables: dial tcp: lookup zapsidatabase: no such host
2020-02-08 13:24:46.135   MAIN   INF   Problem creating tables: dial tcp: lookup zapsidatabase: no such host
2020-02-08 13:24:46.141   MAIN   INF   Problem creating tables: dial tcp: lookup zapsidatabase: no such host
2020-02-08 13:24:46.147   MAIN   INF   Problem creating tables: dial tcp: lookup zapsidatabase: no such host
2020-02-08 13:24:46.152   MAIN   INF   Stopped on platform darwin-launchd
2020-02-08 13:25:07.224   MAIN   INF   Starting Alarm Service on darwin-launchd
2020-02-08 13:25:07.224   MAIN   INF   Program version 2019.4.3.21 started
2020-02-08 13:25:08.553   MAIN   INF   Program running
2020-02-08 13:25:08.561   MAIN   INF   Active alarms: 0
2020-02-08 13:25:08.561   MAIN   INF   Sleeping for 59.991293931s
2020-02-08 13:25:10.493   MAIN   INF   Stopped on platform darwin-launchd
2020-02-08 13:26:01.152   MAIN   INF   Starting Alarm Service on darwin-launchd
2020-02-08 13:26:01.153   MAIN   INF   Program version 2019.4.3.21 started
2020-02-08 13:26:02.656   MAIN   INF   Program running
2020-02-08 13:26:02.662   MAIN   INF   Active alarms: 0
2020-02-08 13:26:02.663   MAIN   INF   Sleeping for 59.993668163s
2020-02-08 13:26:04.313   MAIN   INF   Stopped on platform darwin-launchd
2020-02-08 13:31:02.499   MAIN   INF   Starting Alarm Service on darwin-launchd
2020-02-08 13:31:02.499   MAIN   INF   Program version 2019.4.3.21 started
2020-02-08 13:31:04.051   MAIN   INF   Program running
2020-02-08 13:31:04.059   MAIN   INF   Active alarms: 0
2020-02-08 13:31:04.059   MAIN   INF   Sleeping for 59.99178887s
2020-02-08 13:31:06.741   MAIN   INF   Stopped on platform darwin-launchd
